<?xml version="1.0" encoding="UTF-8"?>
<!-- Generated by org.testng.reporters.JUnitXMLReporter -->
<testsuite hostname="LAPTOP-R70E16ME" ignored="0" name="Default test" tests="5" failures="0" timestamp="05 Dec 2019 05:15:36 GMT" time="33.675" errors="0">
  <testcase name="TitleTest" time="0.019" classname="com.qa.testcases.Login_Test"/>
  <testcase name="logoTest" time="0.081" classname="com.qa.testcases.Login_Test"/>
  <testcase name="company_wordTest" time="0.085" classname="com.qa.testcases.Login_Test"/>
  <testcase name="password_placeholderTest" time="0.059" classname="com.qa.testcases.Login_Test"/>
  <testcase name="loginTest" time="7.309" classname="com.qa.testcases.Login_Test"/>
</testsuite> <!-- Default test -->
